d:\vsproject\git\medical_eye_labal\zc_label_system\debug\vc140.pdb
d:\vsproject\git\medical_eye_labal\zc_label_system\debug\qtcvconvert.obj
d:\vsproject\git\medical_eye_labal\zc_label_system\debug\polygoncontour.obj
d:\vsproject\git\medical_eye_labal\zc_label_system\debug\createnew.obj
d:\vsproject\git\medical_eye_labal\zc_label_system\debug\paintlabel.obj
d:\vsproject\git\medical_eye_labal\zc_label_system\debug\dcm2image.obj
d:\vsproject\git\medical_eye_labal\zc_label_system\debug\zoom.obj
d:\vsproject\git\medical_eye_labal\zc_label_system\debug\labelmainwindow.obj
d:\vsproject\git\medical_eye_labal\zc_label_system\debug\imageinfo.obj
d:\vsproject\git\medical_eye_labal\zc_label_system\debug\main.obj
d:\vsproject\git\medical_eye_labal\zc_label_system\debug\moc_zc_label_system.obj
d:\vsproject\git\medical_eye_labal\zc_label_system\debug\moc_paintlabel.obj
d:\vsproject\git\medical_eye_labal\zc_label_system\debug\moc_modify.obj
d:\vsproject\git\medical_eye_labal\zc_label_system\debug\moc_mainaccountwindow.obj
d:\vsproject\git\medical_eye_labal\zc_label_system\debug\moc_labelmainwindow.obj
d:\vsproject\git\medical_eye_labal\zc_label_system\debug\moc_createnew.obj
d:\vsproject\git\medical_eye_labal\zc_label_system\debug\moc_add.obj
d:\vsproject\git\medical_eye_labal\zc_label_system\debug\modify.obj
d:\vsproject\git\medical_eye_labal\zc_label_system\debug\mainaccountwindow.obj
d:\vsproject\git\medical_eye_labal\zc_label_system\debug\datactrl.obj
d:\vsproject\git\medical_eye_labal\zc_label_system\debug\add.obj
d:\vsproject\git\medical_eye_labal\zc_label_system\debug\zc_label_system.obj
d:\vsproject\git\medical_eye_labal\zc_label_system\debug\qrc_zc_label_system.obj
d:\vsproject\git\medical_eye_labal\zc_label_system\generatedfiles\debug\moc_zc_label_system.cpp
d:\vsproject\git\medical_eye_labal\zc_label_system\generatedfiles\ui_zc_label_system.h
d:\vsproject\git\medical_eye_labal\zc_label_system\generatedfiles\debug\moc_createnew.cpp
d:\vsproject\git\medical_eye_labal\zc_label_system\generatedfiles\debug\moc_paintlabel.cpp
d:\vsproject\git\medical_eye_labal\zc_label_system\generatedfiles\debug\moc_modify.cpp
d:\vsproject\git\medical_eye_labal\zc_label_system\generatedfiles\debug\moc_mainaccountwindow.cpp
d:\vsproject\git\medical_eye_labal\zc_label_system\generatedfiles\debug\moc_add.cpp
d:\vsproject\git\medical_eye_labal\zc_label_system\generatedfiles\qrc_zc_label_system.cpp
d:\vsproject\git\medical_eye_labal\zc_label_system\generatedfiles\ui_labelmainwindow.h
d:\vsproject\git\medical_eye_labal\zc_label_system\generatedfiles\ui_add.h
d:\vsproject\git\medical_eye_labal\zc_label_system\generatedfiles\ui_mainaccountwindow.h
d:\vsproject\git\medical_eye_labal\zc_label_system\generatedfiles\ui_modify.h
d:\vsproject\git\medical_eye_labal\zc_label_system\generatedfiles\ui_createnew.h
d:\vsproject\git\medical_eye_labal\zc_label_system\generatedfiles\debug\moc_labelmainwindow.cpp
d:\vsproject\git\medical_eye_labal\win32\debug\zc_label_system.ilk
d:\vsproject\git\medical_eye_labal\win32\debug\zc_label_system.exe
d:\vsproject\git\medical_eye_labal\win32\debug\zc_label_system.pdb
d:\vsproject\git\medical_eye_labal\zc_label_system\debug\zc_label_system.tlog\cl.command.1.tlog
d:\vsproject\git\medical_eye_labal\zc_label_system\debug\zc_label_system.tlog\cl.read.1.tlog
d:\vsproject\git\medical_eye_labal\zc_label_system\debug\zc_label_system.tlog\cl.write.1.tlog
d:\vsproject\git\medical_eye_labal\zc_label_system\debug\zc_label_system.tlog\custombuild.command.1.tlog
d:\vsproject\git\medical_eye_labal\zc_label_system\debug\zc_label_system.tlog\custombuild.read.1.tlog
d:\vsproject\git\medical_eye_labal\zc_label_system\debug\zc_label_system.tlog\custombuild.write.1.tlog
d:\vsproject\git\medical_eye_labal\zc_label_system\debug\zc_label_system.tlog\link.command.1.tlog
d:\vsproject\git\medical_eye_labal\zc_label_system\debug\zc_label_system.tlog\link.read.1.tlog
d:\vsproject\git\medical_eye_labal\zc_label_system\debug\zc_label_system.tlog\link.write.1.tlog
